Release 14.6 - platgen Xilinx EDK 14.6 Build EDK_P.68d
 (lin)
Copyright (c) 1995-2013 Xilinx, Inc.  All rights reserved.

Command Line: platgen -p xc7z020clg484-1 -lang verilog -intstyle pa -stubgen
/home/katja/GSoC/GitHubRepo/JohnTheRipper/src/fpga/bcrypt/bcrypt.srcs/sources_1/
edk/system/system.mhs 

WARNING:EDK - INFO:Security:71 - If a license for part 'xc7z020' is available,
   it will be possible to use 'XPS_TDP' instead of 'XPS'.
   WARNING:Security:42 - Your software subscription period has lapsed. Your
   current version of Xilinx tools will continue to function, but you no longer
   qualify for Xilinx software updates or new releases.


Parse
/home/katja/GSoC/GitHubRepo/JohnTheRipper/src/fpga/bcrypt/bcrypt.srcs/sources_1/
edk/system/system.mhs ...

Create merged mhs ...
WARNING:EDK:4092 - IPNAME: processing_system7, INSTANCE: processing_system7_0 -
   Pre-Production version not verified on hardware for architecture 'zynq' -
   /home/katja/GSoC/GitHubRepo/JohnTheRipper/src/fpga/bcrypt/bcrypt.srcs/sources
   _1/edk/system/system.mhs line 28 

Overriding IP level properties ...
INFO:EDK:4130 - IPNAME: processing_system7, INSTANCE:processing_system7_0 - tcl
   is overriding PARAMETER C_S_AXI_HP0_HIGHADDR value to 0x1FFFFFFF -
   /media/D/ISE14/14.6/ISE_DS/EDK/hw/XilinxProcessorIPLib/pcores/processing_syst
   em7_v4_03_a/data/processing_system7_v2_1_0.mpd line 300 
INFO:EDK:4130 - IPNAME: processing_system7, INSTANCE:processing_system7_0 - tcl
   is overriding PARAMETER C_S_AXI_HP1_HIGHADDR value to 0x1FFFFFFF -
   /media/D/ISE14/14.6/ISE_DS/EDK/hw/XilinxProcessorIPLib/pcores/processing_syst
   em7_v4_03_a/data/processing_system7_v2_1_0.mpd line 304 
INFO:EDK:4130 - IPNAME: processing_system7, INSTANCE:processing_system7_0 - tcl
   is overriding PARAMETER C_S_AXI_HP2_HIGHADDR value to 0x1FFFFFFF -
   /media/D/ISE14/14.6/ISE_DS/EDK/hw/XilinxProcessorIPLib/pcores/processing_syst
   em7_v4_03_a/data/processing_system7_v2_1_0.mpd line 308 
INFO:EDK:4130 - IPNAME: processing_system7, INSTANCE:processing_system7_0 - tcl
   is overriding PARAMETER C_S_AXI_HP3_HIGHADDR value to 0x1FFFFFFF -
   /media/D/ISE14/14.6/ISE_DS/EDK/hw/XilinxProcessorIPLib/pcores/processing_syst
   em7_v4_03_a/data/processing_system7_v2_1_0.mpd line 312 
INFO:EDK:4130 - IPNAME: processing_system7, INSTANCE:processing_system7_0 - tcl
   is overriding PARAMETER C_NUM_F2P_INTR_INPUTS value to 1 -
   /media/D/ISE14/14.6/ISE_DS/EDK/hw/XilinxProcessorIPLib/pcores/processing_syst
   em7_v4_03_a/data/processing_system7_v2_1_0.mpd line 319 
INFO:EDK:4130 - IPNAME: axi_interconnect, INSTANCE:axi_interconnect_0 - tcl is
   overriding PARAMETER C_BASEFAMILY value to zynq -
   /media/D/ISE14/14.6/ISE_DS/EDK/hw/XilinxProcessorIPLib/pcores/axi_interconnec
   t_v1_06_a/data/axi_interconnect_v2_1_0.mpd line 81 

Computing clock values...
INFO:EDK:1432 - Frequency for Top-Level Input Clock
   'processing_system7_0_PS_CLK_pin' is not specified. Clock DRCs will not be
   performed for IPs connected to that clock port, unless they are connected
   through the clock generator IP. 


Performing IP level DRCs on properties...

Running DRC Tcl procedures for OPTION IPLEVEL_DRC_PROC...
INFO:EDK - INFO: DDR Base and High address in current configuration is
   0x00000000 and 0x1FFFFFFF respectively. 
INFO:EDK - INFO: You can modify the DDR address range accessed by Programmable
   Logic through the processing_system7 AXI slave interfaces. If MicroBlaze is a
   master on processing_system7 AXI slave interfaces, please use the top half of
   the address range (Base Address = 0x10000000; High Address = 0x1FFFFFFF). For
   all other master, any subset of the DDR address can be used. See Xilinx
   Answer 47167 for more information. 
Address Map for Processor processing_system7_0
  (0x40000000-0x403fffff) bcrypt_0	axi_interconnect_0
  (0x40400000-0x4040ffff) bcrypt_0	axi_interconnect_0
  (0x40410000-0x40410fff) bcrypt_0	axi_interconnect_0

Checking platform address map ...

Modify defaults ...

Creating stub ...

Elaborating instances ...

Inserting wrapper level ...

Writing (stub) BMM ...

Writing top-level HDL ...

Total run time: 6.00 seconds
